  Application.cpp
D:\Master\cplusplus\Engine\Source\ModuleTexture.h(22,2): error C2653: 'DirectX': is not a class or namespace name
D:\Master\cplusplus\Engine\Source\ModuleTexture.h(22,23): error C3646: 'md': unknown override specifier
D:\Master\cplusplus\Engine\Source\ModuleTexture.h(22,25): error C4430: missing type specifier - int assumed. Note: C++ does not support default-int
D:\Master\cplusplus\Engine\Source\ModuleTexture.h(23,2): error C2653: 'DirectX': is not a class or namespace name
D:\Master\cplusplus\Engine\Source\ModuleTexture.h(23,24): error C3646: 'img': unknown override specifier
D:\Master\cplusplus\Engine\Source\ModuleTexture.h(23,27): error C4430: missing type specifier - int assumed. Note: C++ does not support default-int
  ModuleTexture.cpp
D:\Master\cplusplus\Engine\Source\ModuleTexture.h(22,2): error C2653: 'DirectX': is not a class or namespace name
D:\Master\cplusplus\Engine\Source\ModuleTexture.h(22,23): error C3646: 'md': unknown override specifier
D:\Master\cplusplus\Engine\Source\ModuleTexture.h(22,25): error C4430: missing type specifier - int assumed. Note: C++ does not support default-int
D:\Master\cplusplus\Engine\Source\ModuleTexture.h(23,2): error C2653: 'DirectX': is not a class or namespace name
D:\Master\cplusplus\Engine\Source\ModuleTexture.h(23,24): error C3646: 'img': unknown override specifier
D:\Master\cplusplus\Engine\Source\ModuleTexture.h(23,27): error C4430: missing type specifier - int assumed. Note: C++ does not support default-int
D:\Master\cplusplus\Engine\Source\ModuleTexture.cpp(27,49): error C2065: 'md': undeclared identifier
D:\Master\cplusplus\Engine\Source\ModuleTexture.cpp(27,59): error C2065: 'md': undeclared identifier
D:\Master\cplusplus\Engine\Source\ModuleTexture.cpp(27,87): error C2065: 'img': undeclared identifier
D:\Master\cplusplus\Engine\Source\ModuleTexture.cpp(27,102): error C2660: 'glTexImage2D': function does not take 6 arguments
D:\Master\cplusplus\Engine\Source\glew-2.1.0\include\GL\glew.h(1149,23): message : see declaration of 'glTexImage2D'
D:\Master\cplusplus\Engine\Source\ModuleTexture.cpp(58,10): error C2065: 'md': undeclared identifier
D:\Master\cplusplus\Engine\Source\ModuleTexture.cpp(87,71): error C2065: 'md': undeclared identifier
D:\Master\cplusplus\Engine\Source\ModuleTexture.cpp(87,75): error C2065: 'img': undeclared identifier
D:\Master\cplusplus\Engine\Source\ModuleTexture.cpp(89,47): error C2065: 'md': undeclared identifier
D:\Master\cplusplus\Engine\Source\ModuleTexture.cpp(89,51): error C2065: 'img': undeclared identifier
D:\Master\cplusplus\Engine\Source\ModuleTexture.cpp(89,12): error C3861: 'LoadFromTGAFile': identifier not found
D:\Master\cplusplus\Engine\Source\ModuleTexture.cpp(91,73): error C2065: 'md': undeclared identifier
D:\Master\cplusplus\Engine\Source\ModuleTexture.cpp(91,77): error C2065: 'img': undeclared identifier
  Generating Code...
